<?xml version="1.0" encoding="UTF-8"?>
<!-- Generated by org.testng.reporters.JUnitReportReporter -->
<testsuite hostname="trangnth1" failures="0" tests="2" name="automation.testsuite.TrangNguyen.ClientTestFactory_Days15" time="11.390" errors="1" timestamp="2023-07-13T15:53:24 ICT" skipped="0">
  <testcase classname="automation.testsuite.TrangNguyen.ClientTestFactory_Days15" name="AddClient_SS" time="0.092">
    <error message="Returned value cannot be converted to WebElement: {stacktrace=Backtrace:
	GetHandleVerifier [0x00908893+48451]
	(No symbol) [0x0089B8A1]
	(No symbol) [0x007A4F20]
	(No symbol) [0x007C7A42]
	(No symbol) [0x007C8F2D]
	GetHandleVerifier [0x00B68E3A+2540266]
	GetHandleVerifier [0x00BA8959+2801161]
	GetHandleVerifier [0x00BA295C+2776588]
	GetHandleVerifier [0x00992280+612144]
	(No symbol) [0x008A4F6C]
	(No symbol) [0x008A11D8]
	(No symbol) [0x008A12BB]
	(No symbol) [0x00894857]
	BaseThreadInitThunk [0x76BB00C9+25]
	RtlGetAppContainerNamedObjectPath [0x77AD7B1E+286]
	RtlGetAppContainerNamedObjectPath [0x77AD7AEE+238]
, error=invalid session id, message=invalid session id}
Build info: version: &#039;2.53.1&#039;, revision: &#039;a36b8b1cd5757287168e54b817830adce9b0158d&#039;, time: &#039;2016-06-30 19:26:09&#039;
System info: host: &#039;trangnth1&#039;, ip: &#039;192.168.40.76&#039;, os.name: &#039;Windows 10&#039;, os.arch: &#039;amd64&#039;, os.version: &#039;10.0&#039;, java.version: &#039;17.0.7&#039;
Driver info: driver.version: RemoteWebDriver" type="org.openqa.selenium.WebDriverException">
      <![CDATA[org.openqa.selenium.WebDriverException: Returned value cannot be converted to WebElement: {stacktrace=Backtrace:
GetHandleVerifier [0x00908893+48451]
(No symbol) [0x0089B8A1]
(No symbol) [0x007A4F20]
(No symbol) [0x007C7A42]
(No symbol) [0x007C8F2D]
GetHandleVerifier [0x00B68E3A+2540266]
GetHandleVerifier [0x00BA8959+2801161]
GetHandleVerifier [0x00BA295C+2776588]
GetHandleVerifier [0x00992280+612144]
(No symbol) [0x008A4F6C]
(No symbol) [0x008A11D8]
(No symbol) [0x008A12BB]
(No symbol) [0x00894857]
BaseThreadInitThunk [0x76BB00C9+25]
RtlGetAppContainerNamedObjectPath [0x77AD7B1E+286]
RtlGetAppContainerNamedObjectPath [0x77AD7AEE+238]
, error=invalid session id, message=invalid session id}
Build info: version: '2.53.1', revision: 'a36b8b1cd5757287168e54b817830adce9b0158d', time: '2016-06-30 19:26:09'
System info: host: 'trangnth1', ip: '192.168.40.76', os.name: 'Windows 10', os.arch: 'amd64', os.version: '10.0', java.version: '17.0.7'
Driver info: driver.version: RemoteWebDriver
at org.openqa.selenium.remote.RemoteWebDriver.findElement(RemoteWebDriver.java:370)
at org.openqa.selenium.remote.RemoteWebDriver.findElementByXPath(RemoteWebDriver.java:500)
at org.openqa.selenium.By$ByXPath.findElement(By.java:361)
at org.openqa.selenium.remote.RemoteWebDriver.findElement(RemoteWebDriver.java:355)
at org.openqa.selenium.support.pagefactory.DefaultElementLocator.findElement(DefaultElementLocator.java:69)
at org.openqa.selenium.support.pagefactory.internal.LocatingElementHandler.invoke(LocatingElementHandler.java:38)
at jdk.proxy2/jdk.proxy2.$Proxy11.clear(Unknown Source)
at automation.pageLocatorTrangNTH.LoginPage_days14.LoginFunction(LoginPage_days14.java:43)
at automation.testsuite.TrangNguyen.ClientTestFactory_Days15.AddClient_SS(ClientTestFactory_Days15.java:31)
at java.base/jdk.internal.reflect.NativeMethodAccessorImpl.invoke0(Native Method)
at java.base/jdk.internal.reflect.NativeMethodAccessorImpl.invoke(NativeMethodAccessorImpl.java:77)
at java.base/jdk.internal.reflect.DelegatingMethodAccessorImpl.invoke(DelegatingMethodAccessorImpl.java:43)
at java.base/java.lang.reflect.Method.invoke(Method.java:568)
at org.testng.internal.MethodInvocationHelper.invokeMethod(MethodInvocationHelper.java:133)
at org.testng.internal.TestInvoker.invokeMethod(TestInvoker.java:598)
at org.testng.internal.TestInvoker.invokeTestMethod(TestInvoker.java:173)
at org.testng.internal.MethodRunner.runInSequence(MethodRunner.java:46)
at org.testng.internal.TestInvoker$MethodInvocationAgent.invoke(TestInvoker.java:824)
at org.testng.internal.TestInvoker.invokeTestMethods(TestInvoker.java:146)
at org.testng.internal.TestMethodWorker.invokeTestMethods(TestMethodWorker.java:146)
at org.testng.internal.TestMethodWorker.run(TestMethodWorker.java:128)
at java.base/java.util.ArrayList.forEach(ArrayList.java:1511)
at org.testng.TestRunner.privateRun(TestRunner.java:794)
at org.testng.TestRunner.run(TestRunner.java:596)
at org.testng.SuiteRunner.runTest(SuiteRunner.java:377)
at org.testng.SuiteRunner.runSequentially(SuiteRunner.java:371)
at org.testng.SuiteRunner.privateRun(SuiteRunner.java:332)
at org.testng.SuiteRunner.run(SuiteRunner.java:276)
at org.testng.SuiteRunnerWorker.runSuite(SuiteRunnerWorker.java:53)
at org.testng.SuiteRunnerWorker.run(SuiteRunnerWorker.java:96)
at org.testng.TestNG.runSuitesSequentially(TestNG.java:1212)
at org.testng.TestNG.runSuitesLocally(TestNG.java:1134)
at org.testng.TestNG.runSuites(TestNG.java:1063)
at org.testng.TestNG.run(TestNG.java:1031)
at org.testng.remote.AbstractRemoteTestNG.run(AbstractRemoteTestNG.java:115)
at org.testng.remote.RemoteTestNG.initAndRun(RemoteTestNG.java:251)
at org.testng.remote.RemoteTestNG.main(RemoteTestNG.java:77)
Caused by: java.lang.ClassCastException: class com.google.common.collect.Maps$TransformedEntriesMap cannot be cast to class org.openqa.selenium.WebElement (com.google.common.collect.Maps$TransformedEntriesMap and org.openqa.selenium.WebElement are in unnamed module of loader 'app')
at org.openqa.selenium.remote.RemoteWebDriver.findElement(RemoteWebDriver.java:368)
... 36 more
]]>
    </error>
  </testcase> <!-- AddClient_SS -->
  <system-out/>
  <testcase classname="automation.testsuite.TrangNguyen.ClientTestFactory_Days15" name="AddClientUSS_Blank" time="11.298"/>
  <system-out/>
</testsuite> <!-- automation.testsuite.TrangNguyen.ClientTestFactory_Days15 -->
